{"/media/brimanz/153c756b-c275-4611-b585-442393709a38/brimanz/Escritorio/Projects/logic_practices/fizzbuzz/fizzbuzz.js": {"path":"/media/brimanz/153c756b-c275-4611-b585-442393709a38/brimanz/Escritorio/Projects/logic_practices/fizzbuzz/fizzbuzz.js","all":false,"statementMap":{"0":{"start":{"line":1,"column":0},"end":{"line":1,"column":2}},"1":{"start":{"line":2,"column":0},"end":{"line":2,"column":53}},"2":{"start":{"line":3,"column":0},"end":{"line":3,"column":55}},"3":{"start":{"line":4,"column":0},"end":{"line":4,"column":53}},"4":{"start":{"line":5,"column":0},"end":{"line":5,"column":57}},"5":{"start":{"line":6,"column":0},"end":{"line":6,"column":2}},"6":{"start":{"line":7,"column":0},"end":{"line":7,"column":0}},"7":{"start":{"line":8,"column":0},"end":{"line":8,"column":23}},"8":{"start":{"line":9,"column":0},"end":{"line":9,"column":0}},"9":{"start":{"line":10,"column":0},"end":{"line":10,"column":57}},"10":{"start":{"line":11,"column":0},"end":{"line":11,"column":0}},"11":{"start":{"line":12,"column":0},"end":{"line":12,"column":45}},"12":{"start":{"line":13,"column":0},"end":{"line":13,"column":20}},"13":{"start":{"line":14,"column":0},"end":{"line":14,"column":2}},"14":{"start":{"line":15,"column":0},"end":{"line":15,"column":0}},"15":{"start":{"line":16,"column":0},"end":{"line":16,"column":23}},"16":{"start":{"line":17,"column":0},"end":{"line":17,"column":16}},"17":{"start":{"line":18,"column":0},"end":{"line":18,"column":2}},"18":{"start":{"line":19,"column":0},"end":{"line":19,"column":0}},"19":{"start":{"line":20,"column":0},"end":{"line":20,"column":23}},"20":{"start":{"line":21,"column":0},"end":{"line":21,"column":16}},"21":{"start":{"line":22,"column":0},"end":{"line":22,"column":2}},"22":{"start":{"line":23,"column":0},"end":{"line":23,"column":0}},"23":{"start":{"line":24,"column":0},"end":{"line":24,"column":12}},"24":{"start":{"line":25,"column":0},"end":{"line":25,"column":1}},"25":{"start":{"line":26,"column":0},"end":{"line":26,"column":0}},"26":{"start":{"line":27,"column":0},"end":{"line":27,"column":0}},"27":{"start":{"line":28,"column":0},"end":{"line":28,"column":23}},"28":{"start":{"line":29,"column":0},"end":{"line":29,"column":32}},"29":{"start":{"line":30,"column":0},"end":{"line":30,"column":38}},"30":{"start":{"line":31,"column":0},"end":{"line":31,"column":2}},"31":{"start":{"line":32,"column":0},"end":{"line":32,"column":1}},"32":{"start":{"line":33,"column":0},"end":{"line":33,"column":0}},"33":{"start":{"line":34,"column":0},"end":{"line":34,"column":13}},"34":{"start":{"line":35,"column":0},"end":{"line":35,"column":0}},"35":{"start":{"line":36,"column":0},"end":{"line":36,"column":26}}},"s":{"0":1,"1":1,"2":1,"3":1,"4":1,"5":1,"6":1,"7":22,"8":22,"9":22,"10":22,"11":22,"12":3,"13":3,"14":19,"15":22,"16":6,"17":6,"18":13,"19":22,"20":3,"21":3,"22":10,"23":10,"24":10,"25":1,"26":1,"27":1,"28":1,"29":17,"30":17,"31":1,"32":1,"33":1,"34":1,"35":1},"branchMap":{"0":{"type":"branch","line":8,"loc":{"start":{"line":8,"column":0},"end":{"line":25,"column":1}},"locations":[{"start":{"line":8,"column":0},"end":{"line":25,"column":1}}]},"1":{"type":"branch","line":12,"loc":{"start":{"line":12,"column":4},"end":{"line":12,"column":36}},"locations":[{"start":{"line":12,"column":4},"end":{"line":12,"column":36}}]},"2":{"type":"branch","line":12,"loc":{"start":{"line":12,"column":44},"end":{"line":14,"column":2}},"locations":[{"start":{"line":12,"column":44},"end":{"line":14,"column":2}}]},"3":{"type":"branch","line":15,"loc":{"start":{"line":15,"column":-1},"end":{"line":16,"column":4}},"locations":[{"start":{"line":15,"column":-1},"end":{"line":16,"column":4}}]},"4":{"type":"branch","line":16,"loc":{"start":{"line":16,"column":22},"end":{"line":18,"column":2}},"locations":[{"start":{"line":16,"column":22},"end":{"line":18,"column":2}}]},"5":{"type":"branch","line":19,"loc":{"start":{"line":19,"column":-1},"end":{"line":20,"column":4}},"locations":[{"start":{"line":19,"column":-1},"end":{"line":20,"column":4}}]},"6":{"type":"branch","line":20,"loc":{"start":{"line":20,"column":22},"end":{"line":22,"column":2}},"locations":[{"start":{"line":20,"column":22},"end":{"line":22,"column":2}}]},"7":{"type":"branch","line":23,"loc":{"start":{"line":23,"column":-1},"end":{"line":25,"column":1}},"locations":[{"start":{"line":23,"column":-1},"end":{"line":25,"column":1}}]},"8":{"type":"branch","line":10,"loc":{"start":{"line":10,"column":19},"end":{"line":10,"column":57}},"locations":[{"start":{"line":10,"column":19},"end":{"line":10,"column":57}}]},"9":{"type":"branch","line":28,"loc":{"start":{"line":28,"column":0},"end":{"line":32,"column":1}},"locations":[{"start":{"line":28,"column":0},"end":{"line":32,"column":1}}]},"10":{"type":"branch","line":29,"loc":{"start":{"line":29,"column":31},"end":{"line":31,"column":2}},"locations":[{"start":{"line":29,"column":31},"end":{"line":31,"column":2}}]}},"b":{"0":[22],"1":[6],"2":[3],"3":[19],"4":[6],"5":[13],"6":[3],"7":[10],"8":[60],"9":[1],"10":[17]},"fnMap":{"0":{"name":"fizzbuzz","decl":{"start":{"line":8,"column":0},"end":{"line":25,"column":1}},"loc":{"start":{"line":8,"column":0},"end":{"line":25,"column":1}},"line":8},"1":{"name":"divisible","decl":{"start":{"line":10,"column":19},"end":{"line":10,"column":57}},"loc":{"start":{"line":10,"column":19},"end":{"line":10,"column":57}},"line":10},"2":{"name":"printNum","decl":{"start":{"line":28,"column":0},"end":{"line":32,"column":1}},"loc":{"start":{"line":28,"column":0},"end":{"line":32,"column":1}},"line":28}},"f":{"0":22,"1":60,"2":1}}
}
