TN:
SF:fizzbuzz.js
FN:8,fizzbuzz
FN:10,divisible
FN:28,printNum
FNF:3
FNH:3
FNDA:22,fizzbuzz
FNDA:60,divisible
FNDA:1,printNum
DA:1,1
DA:2,1
DA:3,1
DA:4,1
DA:5,1
DA:6,1
DA:7,1
DA:8,22
DA:9,22
DA:10,22
DA:11,22
DA:12,22
DA:13,3
DA:14,3
DA:15,19
DA:16,22
DA:17,6
DA:18,6
DA:19,13
DA:20,22
DA:21,3
DA:22,3
DA:23,10
DA:24,10
DA:25,10
DA:26,1
DA:27,1
DA:28,1
DA:29,1
DA:30,17
DA:31,17
DA:32,1
DA:33,1
DA:34,1
DA:35,1
DA:36,1
LF:36
LH:36
BRDA:8,0,0,22
BRDA:12,1,0,6
BRDA:12,2,0,3
BRDA:15,3,0,19
BRDA:16,4,0,6
BRDA:19,5,0,13
BRDA:20,6,0,3
BRDA:23,7,0,10
BRDA:10,8,0,60
BRDA:28,9,0,1
BRDA:29,10,0,17
BRF:11
BRH:11
end_of_record
